<?xml version="1.0" encoding="UTF-8"?>
<!-- Generated by org.testng.reporters.JUnitXMLReporter -->
<testsuite hostname="VGORON-PC" name="Default test(failed)" tests="1" failures="1" timestamp="10 Feb 2014 09:15:32 GMT" time="7.983" errors="0">
  <testcase name="runTest" time="7.972" classname="testng.Test1">
    <failure type="java.util.NoSuchElementException" message="Title not found">
      <![CDATA[java.util.NoSuchElementException: Title not found
	at test.IMDBSearchResults.getSearchResult(IMDBSearchResults.java:43)
	at testng.Test1.runTest(Test1.java:38)
... Removed 24 stack frames]]>
    </failure>
  </testcase> <!-- runTest -->
</testsuite> <!-- Default test(failed) -->
